{"id":"10.10.10.101.tm157935708195600001","wasCommitted":true,"participants":[{"uri":"10.10.10.101.tm1","state":"COMMITTING","expires":1579357092016,"resourceName":"jmsConnectionFactory"}]}
{"id":"10.10.10.101.tm157935708195600001","wasCommitted":true,"participants":[{"uri":"10.10.10.101.tm1","state":"TERMINATED","expires":1579357093970,"resourceName":"jmsConnectionFactory"}]}
{"id":"10.10.10.101.tm157935710035300003","wasCommitted":true,"participants":[{"uri":"10.10.10.101.tm2","state":"COMMITTING","expires":1579357110290,"resourceName":"dataSource"}]}
{"id":"10.10.10.101.tm157935710035300003","wasCommitted":true,"participants":[{"uri":"10.10.10.101.tm2","state":"TERMINATED","expires":1579357110292,"resourceName":"dataSource"}]}
{"id":"10.10.10.101.tm157935710031500002","wasCommitted":false,"participants":[{"uri":"10.10.10.101.tm3","state":"TERMINATED","expires":1579357110425,"resourceName":"jmsConnectionFactory"}]}
{"id":"10.10.10.101.tm157935710497700004","wasCommitted":true,"participants":[{"uri":"10.10.10.101.tm4","state":"COMMITTING","expires":1579357114936,"resourceName":"jmsConnectionFactory"}]}
{"id":"10.10.10.101.tm157935710497700004","wasCommitted":true,"participants":[{"uri":"10.10.10.101.tm4","state":"TERMINATED","expires":1579357116886,"resourceName":"jmsConnectionFactory"}]}
{"id":"10.10.10.101.tm157935711370400006","wasCommitted":true,"participants":[{"uri":"10.10.10.101.tm5","state":"COMMITTING","expires":1579357123613,"resourceName":"dataSource"}]}
{"id":"10.10.10.101.tm157935711370400006","wasCommitted":true,"participants":[{"uri":"10.10.10.101.tm5","state":"TERMINATED","expires":1579357123617,"resourceName":"dataSource"}]}
{"id":"10.10.10.101.tm157935711370100005","wasCommitted":true,"participants":[{"uri":"10.10.10.101.tm6","state":"COMMITTING","expires":1579357123663,"resourceName":"jmsConnectionFactory"},{"uri":"10.10.10.101.tm7","state":"COMMITTING","expires":1579357123663,"resourceName":"dataSource"}]}
{"id":"10.10.10.101.tm157935711370100005","wasCommitted":true,"participants":[{"uri":"10.10.10.101.tm6","state":"TERMINATED","expires":1579357123677,"resourceName":"jmsConnectionFactory"},{"uri":"10.10.10.101.tm7","state":"TERMINATED","expires":1579357123677,"resourceName":"dataSource"}]}
{"id":"10.10.10.101.tm157935711671100007","wasCommitted":true,"participants":[{"uri":"10.10.10.101.tm8","state":"COMMITTING","expires":1579357126634,"resourceName":"jmsConnectionFactory"}]}
{"id":"10.10.10.101.tm157935711671100007","wasCommitted":true,"participants":[{"uri":"10.10.10.101.tm8","state":"TERMINATED","expires":1579357126635,"resourceName":"jmsConnectionFactory"}]}
{"id":"10.10.10.101.tm157935713633300009","wasCommitted":true,"participants":[{"uri":"10.10.10.101.tm9","state":"COMMITTING","expires":1579357146245,"resourceName":"dataSource"}]}
{"id":"10.10.10.101.tm157935713633300009","wasCommitted":true,"participants":[{"uri":"10.10.10.101.tm9","state":"TERMINATED","expires":1579357146247,"resourceName":"dataSource"}]}
{"id":"10.10.10.101.tm157935713633200008","wasCommitted":true,"participants":[{"uri":"10.10.10.101.tm10","state":"COMMITTING","expires":1579357146269,"resourceName":"jmsConnectionFactory"},{"uri":"10.10.10.101.tm11","state":"COMMITTING","expires":1579357146269,"resourceName":"dataSource"}]}
{"id":"10.10.10.101.tm157935713633200008","wasCommitted":true,"participants":[{"uri":"10.10.10.101.tm10","state":"TERMINATED","expires":1579357146277,"resourceName":"jmsConnectionFactory"},{"uri":"10.10.10.101.tm11","state":"TERMINATED","expires":1579357146277,"resourceName":"dataSource"}]}
{"id":"10.10.10.101.tm157935713905200010","wasCommitted":true,"participants":[{"uri":"10.10.10.101.tm12","state":"COMMITTING","expires":1579357148958,"resourceName":"jmsConnectionFactory"}]}
{"id":"10.10.10.101.tm157935713905200010","wasCommitted":true,"participants":[{"uri":"10.10.10.101.tm12","state":"TERMINATED","expires":1579357148961,"resourceName":"jmsConnectionFactory"}]}
{"id":"10.10.10.101.tm157935714500600012","wasCommitted":true,"participants":[{"uri":"10.10.10.101.tm13","state":"COMMITTING","expires":1579357154918,"resourceName":"dataSource"}]}
{"id":"10.10.10.101.tm157935714500600012","wasCommitted":true,"participants":[{"uri":"10.10.10.101.tm13","state":"TERMINATED","expires":1579357154921,"resourceName":"dataSource"}]}
{"id":"10.10.10.101.tm157935714500500011","wasCommitted":false,"participants":[{"uri":"10.10.10.101.tm14","state":"TERMINATED","expires":1579357154931,"resourceName":"jmsConnectionFactory"}]}
{"id":"10.10.10.101.tm157935714815600013","wasCommitted":true,"participants":[{"uri":"10.10.10.101.tm15","state":"COMMITTING","expires":1579357158115,"resourceName":"jmsConnectionFactory"}]}
{"id":"10.10.10.101.tm157935714815600013","wasCommitted":true,"participants":[{"uri":"10.10.10.101.tm15","state":"TERMINATED","expires":1579357160065,"resourceName":"jmsConnectionFactory"}]}
